<?xml version="1.0" encoding="UTF-8"?>
<testsuites name="jest tests" tests="11" failures="1" errors="0" time="0.399">
  <testsuite name="Constants Match Between Manifest.lkml and Marketplace.json" errors="0" failures="1" skipped="0" timestamp="2022-08-19T19:43:15" time="0.201" tests="1">
    <testcase classname="Constants Match Between Manifest.lkml and Marketplace.json Constants Match" name="Constants Match Between Manifest.lkml and Marketplace.json Constants Match" time="0.011">
      <failure>Error: expect(received).toBe(expected) // Object.is equality

Expected: true
Received: false
    at Object.toBe (/Users/calvincheng/Documents/projects/testing/covid19-1/.github/workflows/marketplace_tests/__tests__/constantsMatch.spec.js:21:28)</failure>
    </testcase>
  </testsuite>
  <testsuite name="Marketplace.json has valid JSON Schema" errors="0" failures="0" skipped="0" timestamp="2022-08-19T19:43:15" time="0.114" tests="5">
    <testcase classname="Marketplace.json has valid JSON Schema label property exists and is valid" name="Marketplace.json has valid JSON Schema label property exists and is valid" time="0.019">
    </testcase>
    <testcase classname="Marketplace.json has valid JSON Schema category_label property exists and is valid" name="Marketplace.json has valid JSON Schema category_label property exists and is valid" time="0.001">
    </testcase>
    <testcase classname="Marketplace.json has valid JSON Schema branding property exists and is valid" name="Marketplace.json has valid JSON Schema branding property exists and is valid" time="0.001">
    </testcase>
    <testcase classname="Marketplace.json has valid JSON Schema models property exists and is valid" name="Marketplace.json has valid JSON Schema models property exists and is valid" time="0">
    </testcase>
    <testcase classname="Marketplace.json has valid JSON Schema constants property exists and is valid" name="Marketplace.json has valid JSON Schema constants property exists and is valid" time="0.001">
    </testcase>
  </testsuite>
  <testsuite name="Required Looker Block Files exist" errors="0" failures="0" skipped="0" timestamp="2022-08-19T19:43:15" time="0.058" tests="5">
    <testcase classname="Required Looker Block Files exist License File Exists" name="Required Looker Block Files exist License File Exists" time="0.001">
    </testcase>
    <testcase classname="Required Looker Block Files exist READEME File Exists" name="Required Looker Block Files exist READEME File Exists" time="0.001">
    </testcase>
    <testcase classname="Required Looker Block Files exist Marketplace JSON Exists" name="Required Looker Block Files exist Marketplace JSON Exists" time="0">
    </testcase>
    <testcase classname="Required Looker Block Files exist Manifest File Exists" name="Required Looker Block Files exist Manifest File Exists" time="0">
    </testcase>
    <testcase classname="Required Looker Block Files exist At Least One Dashboard File Exists" name="Required Looker Block Files exist At Least One Dashboard File Exists" time="0">
    </testcase>
  </testsuite>
</testsuites>